# JRE version: OpenJDK Runtime Environment (8.0_152-b01) (build 1.8.0_152-release-1024-b01)
# Java VM: OpenJDK 64-Bit Server VM (25.152-b01 mixed mode linux-amd64 compressed oops)
Heap:
 PSYoungGen      total 374784K, used 12520K [0x00000000e0000000, 0x00000000f9d80000, 0x0000000100000000)
  eden space 326144K, 0% used [0x00000000e0000000,0x00000000e0000000,0x00000000f3e80000)
  from space 48640K, 25% used [0x00000000f3e80000,0x00000000f4aba170,0x00000000f6e00000)
  to   space 47104K, 0% used [0x00000000f6f80000,0x00000000f6f80000,0x00000000f9d80000)
 ParOldGen       total 91648K, used 79374K [0x00000000a0000000, 0x00000000a5980000, 0x00000000e0000000)
  object space 91648K, 86% used [0x00000000a0000000,0x00000000a4d83ad8,0x00000000a5980000)
 Metaspace       used 83390K, capacity 87271K, committed 87640K, reserved 1126400K
  class space    used 10691K, capacity 11522K, committed 11648K, reserved 1048576K
GC Heap History (10 events):
Event: 1077.460 GC heap after
Heap after GC invocations=25 (full 3):
 PSYoungGen      total 230400K, used 33158K [0x00000000e0000000, 0x00000000f2d00000, 0x0000000100000000)
  eden space 187392K, 0% used [0x00000000e0000000,0x00000000e0000000,0x00000000eb700000)
  from space 43008K, 77% used [0x00000000ee380000,0x00000000f03e1928,0x00000000f0d80000)
  to   space 45568K, 0% used [0x00000000eb700000,0x00000000eb700000,0x00000000ee380000)
 ParOldGen       total 91648K, used 58980K [0x00000000a0000000, 0x00000000a5980000, 0x00000000e0000000)
  object space 91648K, 64% used [0x00000000a0000000,0x00000000a3999310,0x00000000a5980000)
 Metaspace       used 73907K, capacity 76921K, committed 77016K, reserved 1116160K
  class space    used 9519K, capacity 10215K, committed 10240K, reserved 1048576K
}
Event: 1077.589 GC heap before
{Heap before GC invocations=26 (full 3):
 PSYoungGen      total 230400K, used 220054K [0x00000000e0000000, 0x00000000f2d00000, 0x0000000100000000)
  eden space 187392K, 99% used [0x00000000e0000000,0x00000000eb684140,0x00000000eb700000)
  from space 43008K, 77% used [0x00000000ee380000,0x00000000f03e1928,0x00000000f0d80000)
  to   space 45568K, 0% used [0x00000000eb700000,0x00000000eb700000,0x00000000ee380000)
 ParOldGen       total 91648K, used 58980K [0x00000000a0000000, 0x00000000a5980000, 0x00000000e0000000)
  object space 91648K, 64% used [0x00000000a0000000,0x00000000a3999310,0x00000000a5980000)
 Metaspace       used 73912K, capacity 76921K, committed 77016K, reserved 1116160K
  class space    used 9519K, capacity 10215K, committed 10240K, reserved 1048576K
Event: 1077.732 GC heap after
Heap after GC invocations=26 (full 3):
 PSYoungGen      total 232960K, used 30518K [0x00000000e0000000, 0x00000000f5780000, 0x0000000100000000)
  eden space 187392K, 0% used [0x00000000e0000000,0x00000000e0000000,0x00000000eb700000)
  from space 45568K, 66% used [0x00000000eb700000,0x00000000ed4cd958,0x00000000ee380000)
  to   space 46592K, 0% used [0x00000000f2a00000,0x00000000f2a00000,0x00000000f5780000)
 ParOldGen       total 91648K, used 61352K [0x00000000a0000000, 0x00000000a5980000, 0x00000000e0000000)
  object space 91648K, 66% used [0x00000000a0000000,0x00000000a3bea3d0,0x00000000a5980000)
 Metaspace       used 73912K, capacity 76921K, committed 77016K, reserved 1116160K
  class space    used 9519K, capacity 10215K, committed 10240K, reserved 1048576K
}
Event: 1083.645 GC heap before
{Heap before GC invocations=27 (full 3):
 PSYoungGen      total 232960K, used 217910K [0x00000000e0000000, 0x00000000f5780000, 0x0000000100000000)
  eden space 187392K, 100% used [0x00000000e0000000,0x00000000eb700000,0x00000000eb700000)
  from space 45568K, 66% used [0x00000000eb700000,0x00000000ed4cd958,0x00000000ee380000)
  to   space 46592K, 0% used [0x00000000f2a00000,0x00000000f2a00000,0x00000000f5780000)
 ParOldGen       total 91648K, used 61352K [0x00000000a0000000, 0x00000000a5980000, 0x00000000e0000000)
  object space 91648K, 66% used [0x00000000a0000000,0x00000000a3bea3d0,0x00000000a5980000)
 Metaspace       used 77260K, capacity 80601K, committed 80856K, reserved 1120256K
  class space    used 9915K, capacity 10649K, committed 10752K, reserved 1048576K
Event: 1083.731 GC heap after
Heap after GC invocations=27 (full 3):
 PSYoungGen      total 303616K, used 30933K [0x00000000e0000000, 0x00000000f5800000, 0x0000000100000000)
  eden space 257024K, 0% used [0x00000000e0000000,0x00000000e0000000,0x00000000efb00000)
  from space 46592K, 66% used [0x00000000f2a00000,0x00000000f48356f8,0x00000000f5780000)
  to   space 47616K, 0% used [0x00000000efb00000,0x00000000efb00000,0x00000000f2980000)
 ParOldGen       total 91648K, used 64783K [0x00000000a0000000, 0x00000000a5980000, 0x00000000e0000000)
  object space 91648K, 70% used [0x00000000a0000000,0x00000000a3f43e78,0x00000000a5980000)
 Metaspace       used 77260K, capacity 80601K, committed 80856K, reserved 1120256K
  class space    used 9915K, capacity 10649K, committed 10752K, reserved 1048576K
}
Event: 1114.135 GC heap before
{Heap before GC invocations=28 (full 3):
 PSYoungGen      total 303616K, used 287646K [0x00000000e0000000, 0x00000000f5800000, 0x0000000100000000)
  eden space 257024K, 99% used [0x00000000e0000000,0x00000000efab2288,0x00000000efb00000)
  from space 46592K, 66% used [0x00000000f2a00000,0x00000000f48356f8,0x00000000f5780000)
  to   space 47616K, 0% used [0x00000000efb00000,0x00000000efb00000,0x00000000f2980000)
 ParOldGen       total 91648K, used 64783K [0x00000000a0000000, 0x00000000a5980000, 0x00000000e0000000)
  object space 91648K, 70% used [0x00000000a0000000,0x00000000a3f43e78,0x00000000a5980000)
 Metaspace       used 83167K, capacity 86909K, committed 87000K, reserved 1124352K
  class space    used 10665K, capacity 11453K, committed 11520K, reserved 1048576K
Event: 1114.199 GC heap after
Heap after GC invocations=28 (full 3):
 PSYoungGen      total 304640K, used 32913K [0x00000000e0000000, 0x00000000f9f80000, 0x0000000100000000)
  eden space 257024K, 0% used [0x00000000e0000000,0x00000000e0000000,0x00000000efb00000)
  from space 47616K, 69% used [0x00000000efb00000,0x00000000f1b245b8,0x00000000f2980000)
  to   space 49152K, 0% used [0x00000000f6f80000,0x00000000f6f80000,0x00000000f9f80000)
 ParOldGen       total 91648K, used 64991K [0x00000000a0000000, 0x00000000a5980000, 0x00000000e0000000)
  object space 91648K, 70% used [0x00000000a0000000,0x00000000a3f77e88,0x00000000a5980000)
 Metaspace       used 83167K, capacity 86909K, committed 87000K, reserved 1124352K
  class space    used 10665K, capacity 11453K, committed 11520K, reserved 1048576K
}
Event: 1115.181 GC heap before
{Heap before GC invocations=29 (full 3):
 PSYoungGen      total 304640K, used 289048K [0x00000000e0000000, 0x00000000f9f80000, 0x0000000100000000)
  eden space 257024K, 99% used [0x00000000e0000000,0x00000000efa21c60,0x00000000efb00000)
  from space 47616K, 69% used [0x00000000efb00000,0x00000000f1b245b8,0x00000000f2980000)
  to   space 49152K, 0% used [0x00000000f6f80000,0x00000000f6f80000,0x00000000f9f80000)
 ParOldGen       total 91648K, used 64991K [0x00000000a0000000, 0x00000000a5980000, 0x00000000e0000000)
  object space 91648K, 70% used [0x00000000a0000000,0x00000000a3f77e88,0x00000000a5980000)
 Metaspace       used 83246K, capacity 87057K, committed 87256K, reserved 1124352K
  class space    used 10678K, capacity 11477K, committed 11520K, reserved 1048576K
Event: 1115.266 GC heap after
Heap after GC invocations=29 (full 3):
 PSYoungGen      total 373248K, used 29753K [0x00000000e0000000, 0x00000000f9d80000, 0x0000000100000000)
  eden space 326144K, 0% used [0x00000000e0000000,0x00000000e0000000,0x00000000f3e80000)
  from space 47104K, 63% used [0x00000000f6f80000,0x00000000f8c8e558,0x00000000f9d80000)
  to   space 48640K, 0% used [0x00000000f3e80000,0x00000000f3e80000,0x00000000f6e00000)
 ParOldGen       total 91648K, used 66059K [0x00000000a0000000, 0x00000000a5980000, 0x00000000e0000000)
  object space 91648K, 72% used [0x00000000a0000000,0x00000000a4082c48,0x00000000a5980000)
 Metaspace       used 83246K, capacity 87057K, committed 87256K, reserved 1124352K
  class space    used 10678K, capacity 11477K, committed 11520K, reserved 1048576K
}
Event: 1311.087 GC heap before
{Heap before GC invocations=30 (full 3):
 PSYoungGen      total 373248K, used 355897K [0x00000000e0000000, 0x00000000f9d80000, 0x0000000100000000)
  eden space 326144K, 100% used [0x00000000e0000000,0x00000000f3e80000,0x00000000f3e80000)
  from space 47104K, 63% used [0x00000000f6f80000,0x00000000f8c8e558,0x00000000f9d80000)
  to   space 48640K, 0% used [0x00000000f3e80000,0x00000000f3e80000,0x00000000f6e00000)
 ParOldGen       total 91648K, used 66059K [0x00000000a0000000, 0x00000000a5980000, 0x00000000e0000000)
  object space 91648K, 72% used [0x00000000a0000000,0x00000000a4082c48,0x00000000a5980000)
 Metaspace       used 83390K, capacity 87271K, committed 87640K, reserved 1126400K
  class space    used 10691K, capacity 11522K, committed 11648K, reserved 1048576K

